This file contains any messages produced by compilers while
running configure, to aid debugging if configure makes a mistake.

It was created by destor configure 2.0, which was
generated by GNU Autoconf 2.69.  Invocation command line was

  $ ./configure 

## --------- ##
## Platform. ##
## --------- ##

hostname = localhost.localdomain
uname -m = x86_64
uname -r = 3.10.0-327.18.2.el7.x86_64
uname -s = Linux
uname -v = #1 SMP Thu May 12 11:03:55 UTC 2016

/usr/bin/uname -p = x86_64
/bin/uname -X     = unknown

/bin/arch              = x86_64
/usr/bin/arch -k       = unknown
/usr/convex/getsysinfo = unknown
/usr/bin/hostinfo      = unknown
/bin/machine           = unknown
/usr/bin/oslevel       = unknown
/bin/universe          = unknown

PATH: /usr/local/sbin
PATH: /usr/local/bin
PATH: /usr/sbin
PATH: /usr/bin
PATH: /usr/java/jdk1.8.0_91/bin
PATH: /root/bin


## ----------- ##
## Core tests. ##
## ----------- ##

configure:2306: checking for a BSD-compatible install
configure:2374: result: /usr/bin/install -c
configure:2385: checking whether build environment is sane
configure:2440: result: yes
configure:2478: WARNING: 'missing' script is too old or missing
configure:2591: checking for a thread-safe mkdir -p
configure:2630: result: /usr/bin/mkdir -p
configure:2637: checking for gawk
configure:2653: found /usr/bin/gawk
configure:2664: result: gawk
configure:2675: checking whether make sets $(MAKE)
configure:2697: result: yes
configure:2726: checking whether make supports nested variables
configure:2743: result: yes
configure:2888: checking for g++
configure:2904: found /usr/bin/g++
configure:2915: result: g++
configure:2942: checking for C++ compiler version
configure:2951: g++ --version >&5
g++ (GCC) 4.8.5 20150623 (Red Hat 4.8.5-4)
Copyright (C) 2015 Free Software Foundation, Inc.
This is free software; see the source for copying conditions.  There is NO
warranty; not even for MERCHANTABILITY or FITNESS FOR A PARTICULAR PURPOSE.

configure:2962: $? = 0
configure:2951: g++ -v >&5
Using built-in specs.
COLLECT_GCC=g++
COLLECT_LTO_WRAPPER=/usr/libexec/gcc/x86_64-redhat-linux/4.8.5/lto-wrapper
Target: x86_64-redhat-linux
Configured with: ../configure --prefix=/usr --mandir=/usr/share/man --infodir=/usr/share/info --with-bugurl=http://bugzilla.redhat.com/bugzilla --enable-bootstrap --enable-shared --enable-threads=posix --enable-checking=release --with-system-zlib --enable-__cxa_atexit --disable-libunwind-exceptions --enable-gnu-unique-object --enable-linker-build-id --with-linker-hash-style=gnu --enable-languages=c,c++,objc,obj-c++,java,fortran,ada,go,lto --enable-plugin --enable-initfini-array --disable-libgcj --with-isl=/builddir/build/BUILD/gcc-4.8.5-20150702/obj-x86_64-redhat-linux/isl-install --with-cloog=/builddir/build/BUILD/gcc-4.8.5-20150702/obj-x86_64-redhat-linux/cloog-install --enable-gnu-indirect-function --with-tune=generic --with-arch_32=x86-64 --build=x86_64-redhat-linux
Thread model: posix
gcc version 4.8.5 20150623 (Red Hat 4.8.5-4) (GCC) 
configure:2962: $? = 0
configure:2951: g++ -V >&5
g++: error: unrecognized command line option '-V'
g++: fatal error: no input files
compilation terminated.
configure:2962: $? = 4
configure:2951: g++ -qversion >&5
g++: error: unrecognized command line option '-qversion'
g++: fatal error: no input files
compilation terminated.
configure:2962: $? = 4
configure:2982: checking whether the C++ compiler works
configure:3004: g++    conftest.cpp  >&5
configure:3008: $? = 0
configure:3056: result: yes
configure:3059: checking for C++ compiler default output file name
configure:3061: result: a.out
configure:3067: checking for suffix of executables
configure:3074: g++ -o conftest    conftest.cpp  >&5
configure:3078: $? = 0
configure:3100: result: 
configure:3122: checking whether we are cross compiling
configure:3130: g++ -o conftest    conftest.cpp  >&5
configure:3134: $? = 0
configure:3141: ./conftest
configure:3145: $? = 0
configure:3160: result: no
configure:3165: checking for suffix of object files
configure:3187: g++ -c   conftest.cpp >&5
configure:3191: $? = 0
configure:3212: result: o
configure:3216: checking whether we are using the GNU C++ compiler
configure:3235: g++ -c   conftest.cpp >&5
configure:3235: $? = 0
configure:3244: result: yes
configure:3253: checking whether g++ accepts -g
configure:3273: g++ -c -g  conftest.cpp >&5
configure:3273: $? = 0
configure:3314: result: yes
configure:3348: checking for style of include used by make
configure:3376: result: GNU
configure:3402: checking dependency style of g++
configure:3513: result: gcc3
configure:3538: checking for pthread_create in -lpthread
configure:3563: g++ -o conftest -g -O2 -Wall   conftest.cpp -lpthread   >&5
configure:3563: $? = 0
configure:3572: result: yes
configure:3583: checking for g_hash_table_new in -lglib-2.0
configure:3608: g++ -o conftest -g -O2 -Wall   conftest.cpp -lglib-2.0  -lpthread  >&5
configure:3608: $? = 0
configure:3617: result: yes
configure:3628: checking for g_thread_init in -lglib-2.0
configure:3653: g++ -o conftest -g -O2 -Wall   conftest.cpp -lglib-2.0  -lpthread  >&5
/tmp/ccccu3m9.o: In function `main':
/home/wj/destor-smr/conftest.cpp:23: undefined reference to `g_thread_init'
collect2: error: ld returned 1 exit status
configure:3653: $? = 1
configure: failed program was:
| /* confdefs.h */
| #define PACKAGE_NAME "destor"
| #define PACKAGE_TARNAME "destor"
| #define PACKAGE_VERSION "2.0"
| #define PACKAGE_STRING "destor 2.0"
| #define PACKAGE_BUGREPORT "fumin@hust.edu.cn"
| #define PACKAGE_URL ""
| #define PACKAGE "destor"
| #define VERSION "2.0"
| #define HAVE_LIBPTHREAD 1
| /* end confdefs.h.  */
| 
| /* Override any GCC internal prototype to avoid an error.
|    Use char because int might match the return type of a GCC
|    builtin and then its argument prototype would still apply.  */
| #ifdef __cplusplus
| extern "C"
| #endif
| char g_thread_init ();
| int
| main ()
| {
| return g_thread_init ();
|   ;
|   return 0;
| }
configure:3662: result: no
configure:3673: checking for SHA_Update in -lcrypto
configure:3698: g++ -o conftest -g -O2 -Wall   conftest.cpp -lcrypto  -lpthread  >&5
configure:3698: $? = 0
configure:3707: result: yes
configure:3765: checking for ranlib
configure:3781: found /usr/bin/ranlib
configure:3792: result: ranlib
configure:3821: checking how to run the C++ preprocessor
configure:3848: g++ -E  conftest.cpp
configure:3848: $? = 0
configure:3862: g++ -E  conftest.cpp
conftest.cpp:12:28: fatal error: ac_nonexistent.h: No such file or directory
 #include <ac_nonexistent.h>
                            ^
compilation terminated.
configure:3862: $? = 1
configure: failed program was:
| /* confdefs.h */
| #define PACKAGE_NAME "destor"
| #define PACKAGE_TARNAME "destor"
| #define PACKAGE_VERSION "2.0"
| #define PACKAGE_STRING "destor 2.0"
| #define PACKAGE_BUGREPORT "fumin@hust.edu.cn"
| #define PACKAGE_URL ""
| #define PACKAGE "destor"
| #define VERSION "2.0"
| #define HAVE_LIBPTHREAD 1
| /* end confdefs.h.  */
| #include <ac_nonexistent.h>
configure:3887: result: g++ -E
configure:3907: g++ -E  conftest.cpp
configure:3907: $? = 0
configure:3921: g++ -E  conftest.cpp
conftest.cpp:12:28: fatal error: ac_nonexistent.h: No such file or directory
 #include <ac_nonexistent.h>
                            ^
compilation terminated.
configure:3921: $? = 1
configure: failed program was:
| /* confdefs.h */
| #define PACKAGE_NAME "destor"
| #define PACKAGE_TARNAME "destor"
| #define PACKAGE_VERSION "2.0"
| #define PACKAGE_STRING "destor 2.0"
| #define PACKAGE_BUGREPORT "fumin@hust.edu.cn"
| #define PACKAGE_URL ""
| #define PACKAGE "destor"
| #define VERSION "2.0"
| #define HAVE_LIBPTHREAD 1
| /* end confdefs.h.  */
| #include <ac_nonexistent.h>
configure:3950: checking for grep that handles long lines and -e
configure:4008: result: /usr/bin/grep
configure:4013: checking for egrep
configure:4075: result: /usr/bin/grep -E
configure:4080: checking for ANSI C header files
configure:4100: g++ -c -g -O2 -Wall  conftest.cpp >&5
configure:4100: $? = 0
configure:4173: g++ -o conftest -g -O2 -Wall   conftest.cpp -lpthread  >&5
configure:4173: $? = 0
configure:4173: ./conftest
configure:4173: $? = 0
configure:4184: result: yes
configure:4197: checking for sys/types.h
configure:4197: g++ -c -g -O2 -Wall  conftest.cpp >&5
configure:4197: $? = 0
configure:4197: result: yes
configure:4197: checking for sys/stat.h
configure:4197: g++ -c -g -O2 -Wall  conftest.cpp >&5
configure:4197: $? = 0
configure:4197: result: yes
configure:4197: checking for stdlib.h
configure:4197: g++ -c -g -O2 -Wall  conftest.cpp >&5
configure:4197: $? = 0
configure:4197: result: yes
configure:4197: checking for string.h
configure:4197: g++ -c -g -O2 -Wall  conftest.cpp >&5
configure:4197: $? = 0
configure:4197: result: yes
configure:4197: checking for memory.h
configure:4197: g++ -c -g -O2 -Wall  conftest.cpp >&5
configure:4197: $? = 0
configure:4197: result: yes
configure:4197: checking for strings.h
configure:4197: g++ -c -g -O2 -Wall  conftest.cpp >&5
configure:4197: $? = 0
configure:4197: result: yes
configure:4197: checking for inttypes.h
configure:4197: g++ -c -g -O2 -Wall  conftest.cpp >&5
configure:4197: $? = 0
configure:4197: result: yes
configure:4197: checking for stdint.h
configure:4197: g++ -c -g -O2 -Wall  conftest.cpp >&5
configure:4197: $? = 0
configure:4197: result: yes
configure:4197: checking for unistd.h
configure:4197: g++ -c -g -O2 -Wall  conftest.cpp >&5
configure:4197: $? = 0
configure:4197: result: yes
configure:4212: checking arpa/inet.h usability
configure:4212: g++ -c -g -O2 -Wall  conftest.cpp >&5
configure:4212: $? = 0
configure:4212: result: yes
configure:4212: checking arpa/inet.h presence
configure:4212: g++ -E  conftest.cpp
configure:4212: $? = 0
configure:4212: result: yes
configure:4212: checking for arpa/inet.h
configure:4212: result: yes
configure:4212: checking fcntl.h usability
configure:4212: g++ -c -g -O2 -Wall  conftest.cpp >&5
configure:4212: $? = 0
configure:4212: result: yes
configure:4212: checking fcntl.h presence
configure:4212: g++ -E  conftest.cpp
configure:4212: $? = 0
configure:4212: result: yes
configure:4212: checking for fcntl.h
configure:4212: result: yes
configure:4212: checking for stdint.h
configure:4212: result: yes
configure:4212: checking for stdlib.h
configure:4212: result: yes
configure:4212: checking for string.h
configure:4212: result: yes
configure:4212: checking sys/socket.h usability
configure:4212: g++ -c -g -O2 -Wall  conftest.cpp >&5
configure:4212: $? = 0
configure:4212: result: yes
configure:4212: checking sys/socket.h presence
configure:4212: g++ -E  conftest.cpp
configure:4212: $? = 0
configure:4212: result: yes
configure:4212: checking for sys/socket.h
configure:4212: result: yes
configure:4212: checking sys/time.h usability
configure:4212: g++ -c -g -O2 -Wall  conftest.cpp >&5
configure:4212: $? = 0
configure:4212: result: yes
configure:4212: checking sys/time.h presence
configure:4212: g++ -E  conftest.cpp
configure:4212: $? = 0
configure:4212: result: yes
configure:4212: checking for sys/time.h
configure:4212: result: yes
configure:4212: checking for unistd.h
configure:4212: result: yes
configure:4224: checking glib.h usability
configure:4224: g++ -c -g -O2 -Wall  conftest.cpp >&5
configure:4224: $? = 0
configure:4224: result: yes
configure:4224: checking glib.h presence
configure:4224: g++ -E  conftest.cpp
configure:4224: $? = 0
configure:4224: result: yes
configure:4224: checking for glib.h
configure:4224: result: yes
configure:4241: checking openssl/sha.h usability
configure:4241: g++ -c -g -O2 -Wall  conftest.cpp >&5
configure:4241: $? = 0
configure:4241: result: yes
configure:4241: checking openssl/sha.h presence
configure:4241: g++ -E  conftest.cpp
configure:4241: $? = 0
configure:4241: result: yes
configure:4241: checking for openssl/sha.h
configure:4241: result: yes
configure:4262: checking for inline
configure:4278: g++ -c -g -O2 -Wall  conftest.cpp >&5
configure:4278: $? = 0
configure:4286: result: inline
configure:4304: checking for int32_t
configure:4304: g++ -c -g -O2 -Wall  conftest.cpp >&5
configure:4304: $? = 0
configure:4304: g++ -c -g -O2 -Wall  conftest.cpp >&5
conftest.cpp: In function 'int main()':
conftest.cpp:70:55: warning: integer overflow in expression [-Woverflow]
    < (int32_t) (((((int32_t) 1 << N) << N) - 1) * 2 + 2))];
                                                       ^
conftest.cpp:70:58: error: size of array 'test_array' is negative
    < (int32_t) (((((int32_t) 1 << N) << N) - 1) * 2 + 2))];
                                                          ^
configure:4304: $? = 1
configure: failed program was:
| /* confdefs.h */
| #define PACKAGE_NAME "destor"
| #define PACKAGE_TARNAME "destor"
| #define PACKAGE_VERSION "2.0"
| #define PACKAGE_STRING "destor 2.0"
| #define PACKAGE_BUGREPORT "fumin@hust.edu.cn"
| #define PACKAGE_URL ""
| #define PACKAGE "destor"
| #define VERSION "2.0"
| #define HAVE_LIBPTHREAD 1
| #define STDC_HEADERS 1
| #define HAVE_SYS_TYPES_H 1
| #define HAVE_SYS_STAT_H 1
| #define HAVE_STDLIB_H 1
| #define HAVE_STRING_H 1
| #define HAVE_MEMORY_H 1
| #define HAVE_STRINGS_H 1
| #define HAVE_INTTYPES_H 1
| #define HAVE_STDINT_H 1
| #define HAVE_UNISTD_H 1
| #define HAVE_ARPA_INET_H 1
| #define HAVE_FCNTL_H 1
| #define HAVE_STDINT_H 1
| #define HAVE_STDLIB_H 1
| #define HAVE_STRING_H 1
| #define HAVE_SYS_SOCKET_H 1
| #define HAVE_SYS_TIME_H 1
| #define HAVE_UNISTD_H 1
| #define HAVE_GLIB_H 1
| #define HAVE_OPENSSL_SHA_H 1
| /* end confdefs.h.  */
| #include <stdio.h>
| #ifdef HAVE_SYS_TYPES_H
| # include <sys/types.h>
| #endif
| #ifdef HAVE_SYS_STAT_H
| # include <sys/stat.h>
| #endif
| #ifdef STDC_HEADERS
| # include <stdlib.h>
| # include <stddef.h>
| #else
| # ifdef HAVE_STDLIB_H
| #  include <stdlib.h>
| # endif
| #endif
| #ifdef HAVE_STRING_H
| # if !defined STDC_HEADERS && defined HAVE_MEMORY_H
| #  include <memory.h>
| # endif
| # include <string.h>
| #endif
| #ifdef HAVE_STRINGS_H
| # include <strings.h>
| #endif
| #ifdef HAVE_INTTYPES_H
| # include <inttypes.h>
| #endif
| #ifdef HAVE_STDINT_H
| # include <stdint.h>
| #endif
| #ifdef HAVE_UNISTD_H
| # include <unistd.h>
| #endif
| 	        enum { N = 32 / 2 - 1 };
| int
| main ()
| {
| static int test_array [1 - 2 * !((int32_t) (((((int32_t) 1 << N) << N) - 1) * 2 + 1)
| 		 < (int32_t) (((((int32_t) 1 << N) << N) - 1) * 2 + 2))];
| test_array [0] = 0;
| return test_array [0];
| 
|   ;
|   return 0;
| }
configure:4304: result: yes
configure:4315: checking for int64_t
configure:4315: g++ -c -g -O2 -Wall  conftest.cpp >&5
configure:4315: $? = 0
configure:4315: g++ -c -g -O2 -Wall  conftest.cpp >&5
conftest.cpp: In function 'int main()':
conftest.cpp:70:55: warning: integer overflow in expression [-Woverflow]
    < (int64_t) (((((int64_t) 1 << N) << N) - 1) * 2 + 2))];
                                                       ^
conftest.cpp:70:58: error: size of array 'test_array' is negative
    < (int64_t) (((((int64_t) 1 << N) << N) - 1) * 2 + 2))];
                                                          ^
configure:4315: $? = 1
configure: failed program was:
| /* confdefs.h */
| #define PACKAGE_NAME "destor"
| #define PACKAGE_TARNAME "destor"
| #define PACKAGE_VERSION "2.0"
| #define PACKAGE_STRING "destor 2.0"
| #define PACKAGE_BUGREPORT "fumin@hust.edu.cn"
| #define PACKAGE_URL ""
| #define PACKAGE "destor"
| #define VERSION "2.0"
| #define HAVE_LIBPTHREAD 1
| #define STDC_HEADERS 1
| #define HAVE_SYS_TYPES_H 1
| #define HAVE_SYS_STAT_H 1
| #define HAVE_STDLIB_H 1
| #define HAVE_STRING_H 1
| #define HAVE_MEMORY_H 1
| #define HAVE_STRINGS_H 1
| #define HAVE_INTTYPES_H 1
| #define HAVE_STDINT_H 1
| #define HAVE_UNISTD_H 1
| #define HAVE_ARPA_INET_H 1
| #define HAVE_FCNTL_H 1
| #define HAVE_STDINT_H 1
| #define HAVE_STDLIB_H 1
| #define HAVE_STRING_H 1
| #define HAVE_SYS_SOCKET_H 1
| #define HAVE_SYS_TIME_H 1
| #define HAVE_UNISTD_H 1
| #define HAVE_GLIB_H 1
| #define HAVE_OPENSSL_SHA_H 1
| /* end confdefs.h.  */
| #include <stdio.h>
| #ifdef HAVE_SYS_TYPES_H
| # include <sys/types.h>
| #endif
| #ifdef HAVE_SYS_STAT_H
| # include <sys/stat.h>
| #endif
| #ifdef STDC_HEADERS
| # include <stdlib.h>
| # include <stddef.h>
| #else
| # ifdef HAVE_STDLIB_H
| #  include <stdlib.h>
| # endif
| #endif
| #ifdef HAVE_STRING_H
| # if !defined STDC_HEADERS && defined HAVE_MEMORY_H
| #  include <memory.h>
| # endif
| # include <string.h>
| #endif
| #ifdef HAVE_STRINGS_H
| # include <strings.h>
| #endif
| #ifdef HAVE_INTTYPES_H
| # include <inttypes.h>
| #endif
| #ifdef HAVE_STDINT_H
| # include <stdint.h>
| #endif
| #ifdef HAVE_UNISTD_H
| # include <unistd.h>
| #endif
| 	        enum { N = 64 / 2 - 1 };
| int
| main ()
| {
| static int test_array [1 - 2 * !((int64_t) (((((int64_t) 1 << N) << N) - 1) * 2 + 1)
| 		 < (int64_t) (((((int64_t) 1 << N) << N) - 1) * 2 + 2))];
| test_array [0] = 0;
| return test_array [0];
| 
|   ;
|   return 0;
| }
configure:4315: result: yes
configure:4326: checking for off_t
configure:4326: g++ -c -g -O2 -Wall  conftest.cpp >&5
configure:4326: $? = 0
configure:4326: g++ -c -g -O2 -Wall  conftest.cpp >&5
conftest.cpp: In function 'int main()':
conftest.cpp:68:19: error: expected primary-expression before ')' token
 if (sizeof ((off_t)))
                   ^
configure:4326: $? = 1
configure: failed program was:
| /* confdefs.h */
| #define PACKAGE_NAME "destor"
| #define PACKAGE_TARNAME "destor"
| #define PACKAGE_VERSION "2.0"
| #define PACKAGE_STRING "destor 2.0"
| #define PACKAGE_BUGREPORT "fumin@hust.edu.cn"
| #define PACKAGE_URL ""
| #define PACKAGE "destor"
| #define VERSION "2.0"
| #define HAVE_LIBPTHREAD 1
| #define STDC_HEADERS 1
| #define HAVE_SYS_TYPES_H 1
| #define HAVE_SYS_STAT_H 1
| #define HAVE_STDLIB_H 1
| #define HAVE_STRING_H 1
| #define HAVE_MEMORY_H 1
| #define HAVE_STRINGS_H 1
| #define HAVE_INTTYPES_H 1
| #define HAVE_STDINT_H 1
| #define HAVE_UNISTD_H 1
| #define HAVE_ARPA_INET_H 1
| #define HAVE_FCNTL_H 1
| #define HAVE_STDINT_H 1
| #define HAVE_STDLIB_H 1
| #define HAVE_STRING_H 1
| #define HAVE_SYS_SOCKET_H 1
| #define HAVE_SYS_TIME_H 1
| #define HAVE_UNISTD_H 1
| #define HAVE_GLIB_H 1
| #define HAVE_OPENSSL_SHA_H 1
| /* end confdefs.h.  */
| #include <stdio.h>
| #ifdef HAVE_SYS_TYPES_H
| # include <sys/types.h>
| #endif
| #ifdef HAVE_SYS_STAT_H
| # include <sys/stat.h>
| #endif
| #ifdef STDC_HEADERS
| # include <stdlib.h>
| # include <stddef.h>
| #else
| # ifdef HAVE_STDLIB_H
| #  include <stdlib.h>
| # endif
| #endif
| #ifdef HAVE_STRING_H
| # if !defined STDC_HEADERS && defined HAVE_MEMORY_H
| #  include <memory.h>
| # endif
| # include <string.h>
| #endif
| #ifdef HAVE_STRINGS_H
| # include <strings.h>
| #endif
| #ifdef HAVE_INTTYPES_H
| # include <inttypes.h>
| #endif
| #ifdef HAVE_STDINT_H
| # include <stdint.h>
| #endif
| #ifdef HAVE_UNISTD_H
| # include <unistd.h>
| #endif
| int
| main ()
| {
| if (sizeof ((off_t)))
| 	    return 0;
|   ;
|   return 0;
| }
configure:4326: result: yes
configure:4337: checking for size_t
configure:4337: g++ -c -g -O2 -Wall  conftest.cpp >&5
configure:4337: $? = 0
configure:4337: g++ -c -g -O2 -Wall  conftest.cpp >&5
conftest.cpp: In function 'int main()':
conftest.cpp:68:20: error: expected primary-expression before ')' token
 if (sizeof ((size_t)))
                    ^
configure:4337: $? = 1
configure: failed program was:
| /* confdefs.h */
| #define PACKAGE_NAME "destor"
| #define PACKAGE_TARNAME "destor"
| #define PACKAGE_VERSION "2.0"
| #define PACKAGE_STRING "destor 2.0"
| #define PACKAGE_BUGREPORT "fumin@hust.edu.cn"
| #define PACKAGE_URL ""
| #define PACKAGE "destor"
| #define VERSION "2.0"
| #define HAVE_LIBPTHREAD 1
| #define STDC_HEADERS 1
| #define HAVE_SYS_TYPES_H 1
| #define HAVE_SYS_STAT_H 1
| #define HAVE_STDLIB_H 1
| #define HAVE_STRING_H 1
| #define HAVE_MEMORY_H 1
| #define HAVE_STRINGS_H 1
| #define HAVE_INTTYPES_H 1
| #define HAVE_STDINT_H 1
| #define HAVE_UNISTD_H 1
| #define HAVE_ARPA_INET_H 1
| #define HAVE_FCNTL_H 1
| #define HAVE_STDINT_H 1
| #define HAVE_STDLIB_H 1
| #define HAVE_STRING_H 1
| #define HAVE_SYS_SOCKET_H 1
| #define HAVE_SYS_TIME_H 1
| #define HAVE_UNISTD_H 1
| #define HAVE_GLIB_H 1
| #define HAVE_OPENSSL_SHA_H 1
| /* end confdefs.h.  */
| #include <stdio.h>
| #ifdef HAVE_SYS_TYPES_H
| # include <sys/types.h>
| #endif
| #ifdef HAVE_SYS_STAT_H
| # include <sys/stat.h>
| #endif
| #ifdef STDC_HEADERS
| # include <stdlib.h>
| # include <stddef.h>
| #else
| # ifdef HAVE_STDLIB_H
| #  include <stdlib.h>
| # endif
| #endif
| #ifdef HAVE_STRING_H
| # if !defined STDC_HEADERS && defined HAVE_MEMORY_H
| #  include <memory.h>
| # endif
| # include <string.h>
| #endif
| #ifdef HAVE_STRINGS_H
| # include <strings.h>
| #endif
| #ifdef HAVE_INTTYPES_H
| # include <inttypes.h>
| #endif
| #ifdef HAVE_STDINT_H
| # include <stdint.h>
| #endif
| #ifdef HAVE_UNISTD_H
| # include <unistd.h>
| #endif
| int
| main ()
| {
| if (sizeof ((size_t)))
| 	    return 0;
|   ;
|   return 0;
| }
configure:4337: result: yes
configure:4348: checking for uint32_t
configure:4348: g++ -c -g -O2 -Wall  conftest.cpp >&5
configure:4348: $? = 0
configure:4348: result: yes
configure:4362: checking for uint64_t
configure:4362: g++ -c -g -O2 -Wall  conftest.cpp >&5
configure:4362: $? = 0
configure:4362: result: yes
configure:4376: checking for uint8_t
configure:4376: g++ -c -g -O2 -Wall  conftest.cpp >&5
configure:4376: $? = 0
configure:4376: result: yes
configure:4394: checking for stdlib.h
configure:4394: result: yes
configure:4404: checking for GNU libc compatible malloc
configure:4428: g++ -o conftest -g -O2 -Wall   conftest.cpp -lpthread  >&5
configure:4428: $? = 0
configure:4428: ./conftest
configure:4428: $? = 0
configure:4438: result: yes
configure:4608: checking that generated files are newer than configure
configure:4614: result: done
configure:4637: creating ./config.status

## ---------------------- ##
## Running config.status. ##
## ---------------------- ##

This file was extended by destor config.status 2.0, which was
generated by GNU Autoconf 2.69.  Invocation command line was

  CONFIG_FILES    = 
  CONFIG_HEADERS  = 
  CONFIG_LINKS    = 
  CONFIG_COMMANDS = 
  $ ./config.status 

on localhost.localdomain

config.status:780: creating Makefile
config.status:780: creating src/Makefile
config.status:952: executing depfiles commands

## ---------------- ##
## Cache variables. ##
## ---------------- ##

ac_cv_c_inline=inline
ac_cv_c_int32_t=yes
ac_cv_c_int64_t=yes
ac_cv_c_uint32_t=yes
ac_cv_c_uint64_t=yes
ac_cv_c_uint8_t=yes
ac_cv_cxx_compiler_gnu=yes
ac_cv_env_CCC_set=
ac_cv_env_CCC_value=
ac_cv_env_CPPFLAGS_set=
ac_cv_env_CPPFLAGS_value=
ac_cv_env_CXXCPP_set=
ac_cv_env_CXXCPP_value=
ac_cv_env_CXXFLAGS_set=
ac_cv_env_CXXFLAGS_value=
ac_cv_env_CXX_set=
ac_cv_env_CXX_value=
ac_cv_env_LDFLAGS_set=
ac_cv_env_LDFLAGS_value=
ac_cv_env_LIBS_set=
ac_cv_env_LIBS_value=
ac_cv_env_build_alias_set=
ac_cv_env_build_alias_value=
ac_cv_env_host_alias_set=
ac_cv_env_host_alias_value=
ac_cv_env_target_alias_set=
ac_cv_env_target_alias_value=
ac_cv_func_malloc_0_nonnull=yes
ac_cv_header_arpa_inet_h=yes
ac_cv_header_fcntl_h=yes
ac_cv_header_glib_h=yes
ac_cv_header_inttypes_h=yes
ac_cv_header_memory_h=yes
ac_cv_header_openssl_sha_h=yes
ac_cv_header_stdc=yes
ac_cv_header_stdint_h=yes
ac_cv_header_stdlib_h=yes
ac_cv_header_string_h=yes
ac_cv_header_strings_h=yes
ac_cv_header_sys_socket_h=yes
ac_cv_header_sys_stat_h=yes
ac_cv_header_sys_time_h=yes
ac_cv_header_sys_types_h=yes
ac_cv_header_unistd_h=yes
ac_cv_lib_crypto_SHA_Update=yes
ac_cv_lib_glib_2_0_g_hash_table_new=yes
ac_cv_lib_glib_2_0_g_thread_init=no
ac_cv_lib_pthread_pthread_create=yes
ac_cv_objext=o
ac_cv_path_EGREP='/usr/bin/grep -E'
ac_cv_path_GREP=/usr/bin/grep
ac_cv_path_install='/usr/bin/install -c'
ac_cv_path_mkdir=/usr/bin/mkdir
ac_cv_prog_AWK=gawk
ac_cv_prog_CXXCPP='g++ -E'
ac_cv_prog_ac_ct_CXX=g++
ac_cv_prog_ac_ct_RANLIB=ranlib
ac_cv_prog_cxx_g=yes
ac_cv_prog_make_make_set=yes
ac_cv_type_off_t=yes
ac_cv_type_size_t=yes
am_cv_CXX_dependencies_compiler_type=gcc3
am_cv_make_support_nested_variables=yes

## ----------------- ##
## Output variables. ##
## ----------------- ##

ACLOCAL='aclocal-1.13'
AMDEPBACKSLASH='\'
AMDEP_FALSE='#'
AMDEP_TRUE=''
AMTAR='$${TAR-tar}'
AM_BACKSLASH='\'
AM_DEFAULT_V='$(AM_DEFAULT_VERBOSITY)'
AM_DEFAULT_VERBOSITY='1'
AM_V='$(V)'
AUTOCONF='autoconf'
AUTOHEADER='autoheader'
AUTOMAKE='automake-1.13'
AWK='gawk'
CPPFLAGS=''
CXX='g++'
CXXCPP='g++ -E'
CXXDEPMODE='depmode=gcc3'
CXXFLAGS='-g -O2 -Wall'
CYGPATH_W='echo'
DEFS='-DPACKAGE_NAME=\"destor\" -DPACKAGE_TARNAME=\"destor\" -DPACKAGE_VERSION=\"2.0\" -DPACKAGE_STRING=\"destor\ 2.0\" -DPACKAGE_BUGREPORT=\"fumin@hust.edu.cn\" -DPACKAGE_URL=\"\" -DPACKAGE=\"destor\" -DVERSION=\"2.0\" -DHAVE_LIBPTHREAD=1 -DSTDC_HEADERS=1 -DHAVE_SYS_TYPES_H=1 -DHAVE_SYS_STAT_H=1 -DHAVE_STDLIB_H=1 -DHAVE_STRING_H=1 -DHAVE_MEMORY_H=1 -DHAVE_STRINGS_H=1 -DHAVE_INTTYPES_H=1 -DHAVE_STDINT_H=1 -DHAVE_UNISTD_H=1 -DHAVE_ARPA_INET_H=1 -DHAVE_FCNTL_H=1 -DHAVE_STDINT_H=1 -DHAVE_STDLIB_H=1 -DHAVE_STRING_H=1 -DHAVE_SYS_SOCKET_H=1 -DHAVE_SYS_TIME_H=1 -DHAVE_UNISTD_H=1 -DHAVE_GLIB_H=1 -DHAVE_OPENSSL_SHA_H=1 -DHAVE_STDLIB_H=1 -DHAVE_MALLOC=1'
DEPDIR='.deps'
ECHO_C=''
ECHO_N='-n'
ECHO_T=''
EGREP='/usr/bin/grep -E'
EXEEXT=''
GREP='/usr/bin/grep'
INSTALL_DATA='${INSTALL} -m 644'
INSTALL_PROGRAM='${INSTALL}'
INSTALL_SCRIPT='${INSTALL}'
INSTALL_STRIP_PROGRAM='$(install_sh) -c -s'
LDFLAGS=''
LIBOBJS=''
LIBS='-lpthread '
LTLIBOBJS=''
MAKEINFO='makeinfo'
MKDIR_P='/usr/bin/mkdir -p'
OBJEXT='o'
PACKAGE='destor'
PACKAGE_BUGREPORT='fumin@hust.edu.cn'
PACKAGE_NAME='destor'
PACKAGE_STRING='destor 2.0'
PACKAGE_TARNAME='destor'
PACKAGE_URL=''
PACKAGE_VERSION='2.0'
PATH_SEPARATOR=':'
RANLIB='ranlib'
SET_MAKE=''
SHELL='/bin/sh'
STRIP=''
VERSION='2.0'
ac_ct_CXX='g++'
am__EXEEXT_FALSE=''
am__EXEEXT_TRUE='#'
am__fastdepCXX_FALSE='#'
am__fastdepCXX_TRUE=''
am__include='include'
am__isrc=''
am__leading_dot='.'
am__nodep='_no'
am__quote=''
am__tar='$${TAR-tar} chof - "$$tardir"'
am__untar='$${TAR-tar} xf -'
bindir='${exec_prefix}/bin'
build_alias=''
datadir='${datarootdir}'
datarootdir='${prefix}/share'
docdir='${datarootdir}/doc/${PACKAGE_TARNAME}'
dvidir='${docdir}'
exec_prefix='${prefix}'
host_alias=''
htmldir='${docdir}'
includedir='${prefix}/include'
infodir='${datarootdir}/info'
install_sh='${SHELL} /home/wj/destor-smr/install-sh'
libdir='${exec_prefix}/lib'
libexecdir='${exec_prefix}/libexec'
localedir='${datarootdir}/locale'
localstatedir='${prefix}/var'
mandir='${datarootdir}/man'
mkdir_p='$(MKDIR_P)'
oldincludedir='/usr/include'
pdfdir='${docdir}'
prefix='/usr/local'
program_transform_name='s,x,x,'
psdir='${docdir}'
sbindir='${exec_prefix}/sbin'
sharedstatedir='${prefix}/com'
sysconfdir='${prefix}/etc'
target_alias=''

## ----------- ##
## confdefs.h. ##
## ----------- ##

/* confdefs.h */
#define PACKAGE_NAME "destor"
#define PACKAGE_TARNAME "destor"
#define PACKAGE_VERSION "2.0"
#define PACKAGE_STRING "destor 2.0"
#define PACKAGE_BUGREPORT "fumin@hust.edu.cn"
#define PACKAGE_URL ""
#define PACKAGE "destor"
#define VERSION "2.0"
#define HAVE_LIBPTHREAD 1
#define STDC_HEADERS 1
#define HAVE_SYS_TYPES_H 1
#define HAVE_SYS_STAT_H 1
#define HAVE_STDLIB_H 1
#define HAVE_STRING_H 1
#define HAVE_MEMORY_H 1
#define HAVE_STRINGS_H 1
#define HAVE_INTTYPES_H 1
#define HAVE_STDINT_H 1
#define HAVE_UNISTD_H 1
#define HAVE_ARPA_INET_H 1
#define HAVE_FCNTL_H 1
#define HAVE_STDINT_H 1
#define HAVE_STDLIB_H 1
#define HAVE_STRING_H 1
#define HAVE_SYS_SOCKET_H 1
#define HAVE_SYS_TIME_H 1
#define HAVE_UNISTD_H 1
#define HAVE_GLIB_H 1
#define HAVE_OPENSSL_SHA_H 1
#define HAVE_STDLIB_H 1
#define HAVE_MALLOC 1

configure: exit 0
